# JRE version: Java(TM) SE Runtime Environment (8.0_111-b14) (build 1.8.0_111-b14)
# Java VM: Java HotSpot(TM) 64-Bit Server VM (25.111-b14 mixed mode windows-amd64 compressed oops)
Heap:
 PSYoungGen      total 132608K, used 66170K [0x00000000eaf00000, 0x00000000f6100000, 0x0000000100000000)
  eden space 112128K, 51% used [0x00000000eaf00000,0x00000000ee73d5a0,0x00000000f1c80000)
  from space 20480K, 41% used [0x00000000f1c80000,0x00000000f24e1300,0x00000000f3080000)
  to   space 19456K, 0% used [0x00000000f4e00000,0x00000000f4e00000,0x00000000f6100000)
 ParOldGen       total 77312K, used 38423K [0x00000000c0c00000, 0x00000000c5780000, 0x00000000eaf00000)
  object space 77312K, 49% used [0x00000000c0c00000,0x00000000c3185cf8,0x00000000c5780000)
 Metaspace       used 40594K, capacity 42542K, committed 42840K, reserved 1087488K
  class space    used 5321K, capacity 5666K, committed 5760K, reserved 1048576K
GC Heap History (10 events):
Event: 16.982 GC heap before
{Heap before GC invocations=9 (full 1):
 PSYoungGen      total 74240K, used 74228K [0x00000000eaf00000, 0x00000000f2400000, 0x0000000100000000)
  eden space 65536K, 100% used [0x00000000eaf00000,0x00000000eef00000,0x00000000eef00000)
  from space 8704K, 99% used [0x00000000eef00000,0x00000000ef77d0f8,0x00000000ef780000)
  to   space 13824K, 0% used [0x00000000f1680000,0x00000000f1680000,0x00000000f2400000)
 ParOldGen       total 44544K, used 19916K [0x00000000c0c00000, 0x00000000c3780000, 0x00000000eaf00000)
  object space 44544K, 44% used [0x00000000c0c00000,0x00000000c1f73058,0x00000000c3780000)
 Metaspace       used 33771K, capacity 34892K, committed 35200K, reserved 1079296K
  class space    used 4626K, capacity 4867K, committed 4992K, reserved 1048576K
Event: 17.024 GC heap after
Heap after GC invocations=9 (full 1):
 PSYoungGen      total 98816K, used 13795K [0x00000000eaf00000, 0x00000000f3000000, 0x0000000100000000)
  eden space 84992K, 0% used [0x00000000eaf00000,0x00000000eaf00000,0x00000000f0200000)
  from space 13824K, 99% used [0x00000000f1680000,0x00000000f23f8d70,0x00000000f2400000)
  to   space 20992K, 0% used [0x00000000f0200000,0x00000000f0200000,0x00000000f1680000)
 ParOldGen       total 44544K, used 30569K [0x00000000c0c00000, 0x00000000c3780000, 0x00000000eaf00000)
  object space 44544K, 68% used [0x00000000c0c00000,0x00000000c29da470,0x00000000c3780000)
 Metaspace       used 33771K, capacity 34892K, committed 35200K, reserved 1079296K
  class space    used 4626K, capacity 4867K, committed 4992K, reserved 1048576K
}
Event: 17.293 GC heap before
{Heap before GC invocations=10 (full 1):
 PSYoungGen      total 98816K, used 18738K [0x00000000eaf00000, 0x00000000f3000000, 0x0000000100000000)
  eden space 84992K, 5% used [0x00000000eaf00000,0x00000000eb3d3dd0,0x00000000f0200000)
  from space 13824K, 99% used [0x00000000f1680000,0x00000000f23f8d70,0x00000000f2400000)
  to   space 20992K, 0% used [0x00000000f0200000,0x00000000f0200000,0x00000000f1680000)
 ParOldGen       total 44544K, used 30569K [0x00000000c0c00000, 0x00000000c3780000, 0x00000000eaf00000)
  object space 44544K, 68% used [0x00000000c0c00000,0x00000000c29da470,0x00000000c3780000)
 Metaspace       used 34148K, capacity 35282K, committed 35416K, reserved 1079296K
  class space    used 4665K, capacity 4906K, committed 4992K, reserved 1048576K
Event: 17.321 GC heap after
Heap after GC invocations=10 (full 1):
 PSYoungGen      total 105984K, used 13939K [0x00000000eaf00000, 0x00000000f4800000, 0x0000000100000000)
  eden space 84992K, 0% used [0x00000000eaf00000,0x00000000eaf00000,0x00000000f0200000)
  from space 20992K, 66% used [0x00000000f0200000,0x00000000f0f9cd60,0x00000000f1680000)
  to   space 21504K, 0% used [0x00000000f3300000,0x00000000f3300000,0x00000000f4800000)
 ParOldGen       total 44544K, used 30577K [0x00000000c0c00000, 0x00000000c3780000, 0x00000000eaf00000)
  object space 44544K, 68% used [0x00000000c0c00000,0x00000000c29dc470,0x00000000c3780000)
 Metaspace       used 34148K, capacity 35282K, committed 35416K, reserved 1079296K
  class space    used 4665K, capacity 4906K, committed 4992K, reserved 1048576K
}
Event: 17.321 GC heap before
{Heap before GC invocations=11 (full 2):
 PSYoungGen      total 105984K, used 13939K [0x00000000eaf00000, 0x00000000f4800000, 0x0000000100000000)
  eden space 84992K, 0% used [0x00000000eaf00000,0x00000000eaf00000,0x00000000f0200000)
  from space 20992K, 66% used [0x00000000f0200000,0x00000000f0f9cd60,0x00000000f1680000)
  to   space 21504K, 0% used [0x00000000f3300000,0x00000000f3300000,0x00000000f4800000)
 ParOldGen       total 44544K, used 30577K [0x00000000c0c00000, 0x00000000c3780000, 0x00000000eaf00000)
  object space 44544K, 68% used [0x00000000c0c00000,0x00000000c29dc470,0x00000000c3780000)
 Metaspace       used 34148K, capacity 35282K, committed 35416K, reserved 1079296K
  class space    used 4665K, capacity 4906K, committed 4992K, reserved 1048576K
Event: 17.592 GC heap after
Heap after GC invocations=11 (full 2):
 PSYoungGen      total 105984K, used 0K [0x00000000eaf00000, 0x00000000f4800000, 0x0000000100000000)
  eden space 84992K, 0% used [0x00000000eaf00000,0x00000000eaf00000,0x00000000f0200000)
  from space 20992K, 0% used [0x00000000f0200000,0x00000000f0200000,0x00000000f1680000)
  to   space 21504K, 0% used [0x00000000f3300000,0x00000000f3300000,0x00000000f4800000)
 ParOldGen       total 77312K, used 29731K [0x00000000c0c00000, 0x00000000c5780000, 0x00000000eaf00000)
  object space 77312K, 38% used [0x00000000c0c00000,0x00000000c2908fc0,0x00000000c5780000)
 Metaspace       used 34148K, capacity 35282K, committed 35416K, reserved 1079296K
  class space    used 4665K, capacity 4906K, committed 4992K, reserved 1048576K
}
Event: 37.234 GC heap before
{Heap before GC invocations=12 (full 2):
 PSYoungGen      total 105984K, used 84992K [0x00000000eaf00000, 0x00000000f4800000, 0x0000000100000000)
  eden space 84992K, 100% used [0x00000000eaf00000,0x00000000f0200000,0x00000000f0200000)
  from space 20992K, 0% used [0x00000000f0200000,0x00000000f0200000,0x00000000f1680000)
  to   space 21504K, 0% used [0x00000000f3300000,0x00000000f3300000,0x00000000f4800000)
 ParOldGen       total 77312K, used 29731K [0x00000000c0c00000, 0x00000000c5780000, 0x00000000eaf00000)
  object space 77312K, 38% used [0x00000000c0c00000,0x00000000c2908fc0,0x00000000c5780000)
 Metaspace       used 39008K, capacity 40856K, committed 41176K, reserved 1085440K
  class space    used 5170K, capacity 5519K, committed 5632K, reserved 1048576K
Event: 37.294 GC heap after
Heap after GC invocations=12 (full 2):
 PSYoungGen      total 130048K, used 9590K [0x00000000eaf00000, 0x00000000f4480000, 0x0000000100000000)
  eden space 112128K, 0% used [0x00000000eaf00000,0x00000000eaf00000,0x00000000f1c80000)
  from space 17920K, 53% used [0x00000000f3300000,0x00000000f3c5dac0,0x00000000f4480000)
  to   space 20480K, 0% used [0x00000000f1c80000,0x00000000f1c80000,0x00000000f3080000)
 ParOldGen       total 77312K, used 29739K [0x00000000c0c00000, 0x00000000c5780000, 0x00000000eaf00000)
  object space 77312K, 38% used [0x00000000c0c00000,0x00000000c290afc0,0x00000000c5780000)
 Metaspace       used 39008K, capacity 40856K, committed 41176K, reserved 1085440K
  class space    used 5170K, capacity 5519K, committed 5632K, reserved 1048576K
}
Event: 118.762 GC heap before
{Heap before GC invocations=13 (full 2):
 PSYoungGen      total 130048K, used 121718K [0x00000000eaf00000, 0x00000000f4480000, 0x0000000100000000)
  eden space 112128K, 100% used [0x00000000eaf00000,0x00000000f1c80000,0x00000000f1c80000)
  from space 17920K, 53% used [0x00000000f3300000,0x00000000f3c5dac0,0x00000000f4480000)
  to   space 20480K, 0% used [0x00000000f1c80000,0x00000000f1c80000,0x00000000f3080000)
 ParOldGen       total 77312K, used 29739K [0x00000000c0c00000, 0x00000000c5780000, 0x00000000eaf00000)
  object space 77312K, 38% used [0x00000000c0c00000,0x00000000c290afc0,0x00000000c5780000)
 Metaspace       used 40323K, capacity 42244K, committed 42584K, reserved 1085440K
  class space    used 5311K, capacity 5649K, committed 5760K, reserved 1048576K
Event: 118.857 GC heap after
Heap after GC invocations=13 (full 2):
 PSYoungGen      total 132608K, used 8580K [0x00000000eaf00000, 0x00000000f6100000, 0x0000000100000000)
  eden space 112128K, 0% used [0x00000000eaf00000,0x00000000eaf00000,0x00000000f1c80000)
  from space 20480K, 41% used [0x00000000f1c80000,0x00000000f24e1300,0x00000000f3080000)
  to   space 19456K, 0% used [0x00000000f4e00000,0x00000000f4e00000,0x00000000f6100000)
 ParOldGen       total 77312K, used 38423K [0x00000000c0c00000, 0x00000000c5780000, 0x00000000eaf00000)
  object space 77312K, 49% used [0x00000000c0c00000,0x00000000c3185cf8,0x00000000c5780000)
 Metaspace       used 40323K, capacity 42244K, committed 42584K, reserved 1085440K
  class space    used 5311K, capacity 5649K, committed 5760K, reserved 1048576K
}

